{"level":30,"time":1699069613547,"pid":3328,"hostname":"Kiri86","msg":"Validando del archivo de configuracion y las variables de entorno"}
{"level":30,"time":1699069613595,"pid":3328,"hostname":"Kiri86","msg":"Cargando comandos..."}
{"level":20,"time":1699069614102,"pid":3328,"hostname":"Kiri86","msg":"Saltando slash command avatar. Deshabilitado!"}
{"level":20,"time":1699069614103,"pid":3328,"hostname":"Kiri86","msg":"Saltando slash command botinvite. Deshabilitado!"}
{"level":20,"time":1699069614104,"pid":3328,"hostname":"Kiri86","msg":"Saltando slash command botstats. Deshabilitado!"}
{"level":20,"time":1699069614105,"pid":3328,"hostname":"Kiri86","msg":"Saltando slash command channelinfo. Deshabilitado!"}
{"level":20,"time":1699069614111,"pid":3328,"hostname":"Kiri86","msg":"Saltando slash command emojiinfo. Deshabilitado!"}
{"level":20,"time":1699069614119,"pid":3328,"hostname":"Kiri86","msg":"Saltando slash command guildinfo. Deshabilitado!"}
{"level":20,"time":1699069614119,"pid":3328,"hostname":"Kiri86","msg":"Saltando slash command uptime. Deshabilitado!"}
{"level":20,"time":1699069614120,"pid":3328,"hostname":"Kiri86","msg":"Saltando slash command userinfo. Deshabilitado!"}
{"level":20,"time":1699069614122,"pid":3328,"hostname":"Kiri86","msg":"Saltando comando bot. Deshabilitado!"}
{"level":20,"time":1699069614122,"pid":3328,"hostname":"Kiri86","msg":"Saltando comando info. Deshabilitado!"}
{"level":20,"time":1699069614130,"pid":3328,"hostname":"Kiri86","msg":"Saltando slash command deafen. Deshabilitado!"}
{"level":20,"time":1699069614130,"pid":3328,"hostname":"Kiri86","msg":"Saltando slash command disconnect. Deshabilitado!"}
{"level":20,"time":1699069614131,"pid":3328,"hostname":"Kiri86","msg":"Saltando slash command move. Deshabilitado!"}
{"level":20,"time":1699069614132,"pid":3328,"hostname":"Kiri86","msg":"Saltando slash command purge. Deshabilitado!"}
{"level":20,"time":1699069614132,"pid":3328,"hostname":"Kiri86","msg":"Saltando slash command purgeattach. Deshabilitado!"}
{"level":20,"time":1699069614133,"pid":3328,"hostname":"Kiri86","msg":"Saltando slash command purgebots. Deshabilitado!"}
{"level":20,"time":1699069614133,"pid":3328,"hostname":"Kiri86","msg":"Saltando slash command purgelinks. Deshabilitado!"}
{"level":20,"time":1699069614134,"pid":3328,"hostname":"Kiri86","msg":"Saltando slash command purgetoken. Deshabilitado!"}
{"level":20,"time":1699069614134,"pid":3328,"hostname":"Kiri86","msg":"Saltando slash command purgeuser. Deshabilitado!"}
{"level":20,"time":1699069614135,"pid":3328,"hostname":"Kiri86","msg":"Saltando slash command undeafen. Deshabilitado!"}
{"level":20,"time":1699069614136,"pid":3328,"hostname":"Kiri86","msg":"Saltando slash command vmute. Deshabilitado!"}
{"level":20,"time":1699069614137,"pid":3328,"hostname":"Kiri86","msg":"Saltando slash command vunmute. Deshabilitado!"}
{"level":20,"time":1699069614138,"pid":3328,"hostname":"Kiri86","msg":"Saltando comando purge. Deshabilitado!"}
{"level":20,"time":1699069614139,"pid":3328,"hostname":"Kiri86","msg":"Saltando comando voice. Deshabilitado!"}
{"level":20,"time":1699069614154,"pid":3328,"hostname":"Kiri86","msg":"Saltando slash command eval. Deshabilitado!"}
{"level":20,"time":1699069614155,"pid":3328,"hostname":"Kiri86","msg":"Saltando slash command leaveserver. Deshabilitado!"}
{"level":20,"time":1699069614155,"pid":3328,"hostname":"Kiri86","msg":"Saltando slash command listservers. Deshabilitado!"}
{"level":30,"time":1699069614175,"pid":3328,"hostname":"Kiri86","msg":"Cargados  105 comandos"}
{"level":30,"time":1699069614175,"pid":3328,"hostname":"Kiri86","msg":"Cargados  86 slash commands"}
{"level":30,"time":1699069614175,"pid":3328,"hostname":"Kiri86","msg":"Carga de contextos..."}
{"level":30,"time":1699069614176,"pid":3328,"hostname":"Kiri86","msg":"Cargados 0 contextos de USUARIO"}
{"level":30,"time":1699069614176,"pid":3328,"hostname":"Kiri86","msg":"Cargados 0 contextos de MENSAJE"}
{"level":30,"time":1699069614176,"pid":3328,"hostname":"Kiri86","msg":"Cargando eventos..."}
{"level":30,"time":1699069614207,"pid":3328,"hostname":"Kiri86","msg":"Cargados 15 eventos. Exito (15) Fallos (0)"}
{"level":30,"time":1699069614207,"pid":3328,"hostname":"Kiri86","msg":"Conectando con MongoDb..."}
{"level":30,"time":1699069614797,"pid":3328,"hostname":"Kiri86","msg":"Mongoose: Conexion establecida con la base de datos"}
{"level":30,"time":1699069615796,"pid":3328,"hostname":"Kiri86","msg":"Conectado como ArcticUpdate#9309! (1144707918189576332)"}
{"level":20,"time":1699069615797,"pid":3328,"hostname":"Kiri86","msg":"Nodo \"Local Node\" debug: connection: creating websocket..."}
{"level":30,"time":1699069615798,"pid":3328,"hostname":"Kiri86","msg":"Gestor de musica iniciado"}
{"level":30,"time":1699069615798,"pid":3328,"hostname":"Kiri86","msg":"Iniciando gestor de sorteos..."}
{"level":30,"time":1699069615871,"pid":3328,"hostname":"Kiri86","msg":"Gestor de sorteos iniciado"}
{"level":30,"time":1699069615969,"pid":3328,"hostname":"Kiri86","msg":"Nodo \"Local Node\" conectado"}
{"level":20,"time":1699069615969,"pid":3328,"hostname":"Kiri86","msg":"Nodo \"Local Node\" debug: connection: connected in 171ms"}
{"level":20,"time":1699069615989,"pid":3328,"hostname":"Kiri86","msg":"Nodo \"Local Node\" debug: connection: lavaclient <<< stats: {\"playingPlayers\":3,\"op\":\"stats\",\"memory\":{\"reservable\":1006632960,\"used\":441960800,\"free\":564672160,\"allocated\":1006632960},\"players\":86,\"cpu\":{\"cores\":3,\"systemLoad\":0,\"lavalinkLoad\":0.40959095974347065},\"uptime\":37386282147}"}
{"level":30,"time":1699069616362,"pid":3328,"hostname":"Kiri86","msg":"Interacciones registradas con exito"}
{"level":20,"time":1699069675969,"pid":3328,"hostname":"Kiri86","msg":"Nodo \"Local Node\" debug: connection: lavaclient <<< stats: {\"playingPlayers\":2,\"op\":\"stats\",\"memory\":{\"reservable\":1006632960,\"used\":482258896,\"free\":524374064,\"allocated\":1006632960},\"players\":85,\"cpu\":{\"cores\":3,\"systemLoad\":0.07162968802793107,\"lavalinkLoad\":0.07913749027453595},\"uptime\":37386342147}"}
{"level":20,"time":1699069735970,"pid":3328,"hostname":"Kiri86","msg":"Nodo \"Local Node\" debug: connection: lavaclient <<< stats: {\"playingPlayers\":3,\"op\":\"stats\",\"memory\":{\"reservable\":1006632960,\"used\":640078104,\"free\":366554856,\"allocated\":1006632960},\"players\":87,\"cpu\":{\"cores\":3,\"systemLoad\":0.05934329038878121,\"lavalinkLoad\":0.07783073897536749},\"uptime\":37386402148}"}
{"level":20,"time":1699069795969,"pid":3328,"hostname":"Kiri86","msg":"Nodo \"Local Node\" debug: connection: lavaclient <<< stats: {\"playingPlayers\":3,\"op\":\"stats\",\"memory\":{\"reservable\":1006632960,\"used\":546253944,\"free\":460379016,\"allocated\":1006632960},\"players\":87,\"cpu\":{\"cores\":3,\"systemLoad\":0.06705522861023087,\"lavalinkLoad\":0.07900131668861148},\"uptime\":37386462147}"}
{"level":30,"time":1699069838136,"pid":2500,"hostname":"Kiri86","msg":"Validando del archivo de configuracion y las variables de entorno"}
{"level":30,"time":1699069838188,"pid":2500,"hostname":"Kiri86","msg":"Cargando comandos..."}
{"level":20,"time":1699069838709,"pid":2500,"hostname":"Kiri86","msg":"Saltando slash command avatar. Deshabilitado!"}
{"level":20,"time":1699069838709,"pid":2500,"hostname":"Kiri86","msg":"Saltando slash command botinvite. Deshabilitado!"}
{"level":20,"time":1699069838711,"pid":2500,"hostname":"Kiri86","msg":"Saltando slash command botstats. Deshabilitado!"}
{"level":20,"time":1699069838712,"pid":2500,"hostname":"Kiri86","msg":"Saltando slash command channelinfo. Deshabilitado!"}
{"level":20,"time":1699069838713,"pid":2500,"hostname":"Kiri86","msg":"Saltando slash command emojiinfo. Deshabilitado!"}
{"level":20,"time":1699069838722,"pid":2500,"hostname":"Kiri86","msg":"Saltando slash command guildinfo. Deshabilitado!"}
{"level":20,"time":1699069838722,"pid":2500,"hostname":"Kiri86","msg":"Saltando slash command uptime. Deshabilitado!"}
{"level":20,"time":1699069838723,"pid":2500,"hostname":"Kiri86","msg":"Saltando slash command userinfo. Deshabilitado!"}
{"level":20,"time":1699069838724,"pid":2500,"hostname":"Kiri86","msg":"Saltando comando bot. Deshabilitado!"}
{"level":20,"time":1699069838725,"pid":2500,"hostname":"Kiri86","msg":"Saltando comando info. Deshabilitado!"}
{"level":20,"time":1699069838733,"pid":2500,"hostname":"Kiri86","msg":"Saltando slash command deafen. Deshabilitado!"}
{"level":20,"time":1699069838734,"pid":2500,"hostname":"Kiri86","msg":"Saltando slash command disconnect. Deshabilitado!"}
{"level":20,"time":1699069838735,"pid":2500,"hostname":"Kiri86","msg":"Saltando slash command move. Deshabilitado!"}
{"level":20,"time":1699069838735,"pid":2500,"hostname":"Kiri86","msg":"Saltando slash command purge. Deshabilitado!"}
{"level":20,"time":1699069838735,"pid":2500,"hostname":"Kiri86","msg":"Saltando slash command purgeattach. Deshabilitado!"}
{"level":20,"time":1699069838736,"pid":2500,"hostname":"Kiri86","msg":"Saltando slash command purgebots. Deshabilitado!"}
{"level":20,"time":1699069838736,"pid":2500,"hostname":"Kiri86","msg":"Saltando slash command purgelinks. Deshabilitado!"}
{"level":20,"time":1699069838737,"pid":2500,"hostname":"Kiri86","msg":"Saltando slash command purgetoken. Deshabilitado!"}
{"level":20,"time":1699069838737,"pid":2500,"hostname":"Kiri86","msg":"Saltando slash command purgeuser. Deshabilitado!"}
{"level":20,"time":1699069838738,"pid":2500,"hostname":"Kiri86","msg":"Saltando slash command undeafen. Deshabilitado!"}
{"level":20,"time":1699069838739,"pid":2500,"hostname":"Kiri86","msg":"Saltando slash command vmute. Deshabilitado!"}
{"level":20,"time":1699069838739,"pid":2500,"hostname":"Kiri86","msg":"Saltando slash command vunmute. Deshabilitado!"}
{"level":20,"time":1699069838741,"pid":2500,"hostname":"Kiri86","msg":"Saltando comando purge. Deshabilitado!"}
{"level":20,"time":1699069838742,"pid":2500,"hostname":"Kiri86","msg":"Saltando comando voice. Deshabilitado!"}
{"level":20,"time":1699069838756,"pid":2500,"hostname":"Kiri86","msg":"Saltando slash command eval. Deshabilitado!"}
{"level":20,"time":1699069838757,"pid":2500,"hostname":"Kiri86","msg":"Saltando slash command leaveserver. Deshabilitado!"}
{"level":20,"time":1699069838757,"pid":2500,"hostname":"Kiri86","msg":"Saltando slash command listservers. Deshabilitado!"}
{"level":30,"time":1699069838774,"pid":2500,"hostname":"Kiri86","msg":"Cargados  105 comandos"}
{"level":30,"time":1699069838774,"pid":2500,"hostname":"Kiri86","msg":"Cargados  86 slash commands"}
{"level":30,"time":1699069838775,"pid":2500,"hostname":"Kiri86","msg":"Carga de contextos..."}
{"level":30,"time":1699069838776,"pid":2500,"hostname":"Kiri86","msg":"Cargados 0 contextos de USUARIO"}
{"level":30,"time":1699069838776,"pid":2500,"hostname":"Kiri86","msg":"Cargados 0 contextos de MENSAJE"}
{"level":30,"time":1699069838776,"pid":2500,"hostname":"Kiri86","msg":"Cargando eventos..."}
{"level":30,"time":1699069838807,"pid":2500,"hostname":"Kiri86","msg":"Cargados 15 eventos. Exito (15) Fallos (0)"}
{"level":30,"time":1699069838807,"pid":2500,"hostname":"Kiri86","msg":"Iniciando Panel de Control"}
{"level":30,"time":1699069839057,"pid":2500,"hostname":"Kiri86","msg":"Conectando con MongoDb..."}
{"level":30,"time":1699069839588,"pid":2500,"hostname":"Kiri86","msg":"Mongoose: Conexion establecida con la base de datos"}
{"level":30,"time":1699069839611,"pid":2500,"hostname":"Kiri86","msg":"El Panel de control esta en el puerto8080"}
{"level":30,"time":1699069840439,"pid":2500,"hostname":"Kiri86","msg":"Conectado como ArcticUpdate#9309! (1144707918189576332)"}
{"level":20,"time":1699069840440,"pid":2500,"hostname":"Kiri86","msg":"Nodo \"Local Node\" debug: connection: creating websocket..."}
{"level":30,"time":1699069840441,"pid":2500,"hostname":"Kiri86","msg":"Gestor de musica iniciado"}
{"level":30,"time":1699069840441,"pid":2500,"hostname":"Kiri86","msg":"Iniciando gestor de sorteos..."}
{"level":30,"time":1699069840527,"pid":2500,"hostname":"Kiri86","msg":"Gestor de sorteos iniciado"}
{"level":30,"time":1699069840560,"pid":2500,"hostname":"Kiri86","msg":"Nodo \"Local Node\" conectado"}
{"level":20,"time":1699069840560,"pid":2500,"hostname":"Kiri86","msg":"Nodo \"Local Node\" debug: connection: connected in 119ms"}
{"level":20,"time":1699069840579,"pid":2500,"hostname":"Kiri86","msg":"Nodo \"Local Node\" debug: connection: lavaclient <<< stats: {\"playingPlayers\":3,\"op\":\"stats\",\"memory\":{\"reservable\":1006632960,\"used\":523569456,\"free\":483063504,\"allocated\":1006632960},\"players\":87,\"cpu\":{\"cores\":3,\"systemLoad\":0,\"lavalinkLoad\":0.4095916194501976},\"uptime\":37386506731}"}
{"level":30,"time":1699069841110,"pid":2500,"hostname":"Kiri86","msg":"Interacciones registradas con exito"}
{"level":20,"time":1699069900556,"pid":2500,"hostname":"Kiri86","msg":"Nodo \"Local Node\" debug: connection: lavaclient <<< stats: {\"playingPlayers\":3,\"op\":\"stats\",\"memory\":{\"reservable\":1006632960,\"used\":647578184,\"free\":359054776,\"allocated\":1006632960},\"players\":87,\"cpu\":{\"cores\":3,\"systemLoad\":0.07202914798206278,\"lavalinkLoad\":0.07547463429816371},\"uptime\":37386566731}"}
{"level":20,"time":1699069960557,"pid":2500,"hostname":"Kiri86","msg":"Nodo \"Local Node\" debug: connection: lavaclient <<< stats: {\"playingPlayers\":2,\"op\":\"stats\",\"memory\":{\"reservable\":1006632960,\"used\":520092456,\"free\":486540504,\"allocated\":1006632960},\"players\":87,\"cpu\":{\"cores\":3,\"systemLoad\":0.0989088925259138,\"lavalinkLoad\":0.07833333333333332},\"uptime\":37386626730}"}
